2026-04-18T08:00:01.123Z INFO  server: starting catscope v2.1.0 on :4567
2026-04-18T08:00:01.124Z INFO  server: serving files from /home/user/project
2026-04-18T08:00:01.130Z INFO  watcher: initialized fsnotify watcher
2026-04-18T08:00:01.131Z DEBUG watcher: watching root directory /home/user/project
2026-04-18T08:00:05.402Z INFO  server: GET /api/files/ 200 1.2ms
2026-04-18T08:00:05.890Z INFO  server: GET /api/files/src/ 200 0.8ms
2026-04-18T08:00:06.001Z DEBUG server: serving embedded asset /css/style.css
2026-04-18T08:00:07.334Z INFO  ws: new connection from 192.168.1.42
2026-04-18T08:00:07.335Z DEBUG ws: client subscribed to watch src/main.go
2026-04-18T08:00:12.500Z INFO  server: GET /api/preview/src/main.go 200 3.4ms
2026-04-18T08:00:15.100Z WARN  watcher: debouncing rapid changes for src/main.go
2026-04-18T08:00:15.200Z INFO  ws: broadcasting change event for src/main.go
2026-04-18T08:00:18.710Z INFO  server: GET /api/files/docs/ 200 0.9ms
2026-04-18T08:00:22.003Z ERROR converter: ImageMagick not found, EPS preview unavailable
2026-04-18T08:00:22.004Z INFO  server: GET /api/preview/diagram.eps 501 0.3ms
2026-04-18T08:00:30.000Z INFO  server: GET /api/download/report.pdf 200 12.1ms
2026-04-18T08:00:45.612Z WARN  ws: client 192.168.1.42 ping timeout, closing
2026-04-18T08:00:45.613Z INFO  ws: connection closed, cleaning up 1 watches
2026-04-18T08:01:00.000Z DEBUG watcher: periodic health check, 3 active watches
2026-04-18T08:05:00.001Z INFO  server: shutting down gracefully
2026-04-18T08:05:00.050Z INFO  watcher: all watches removed, watcher closed
2026-04-18T08:05:00.051Z INFO  server: shutdown complete
